app/proguard-rules.pro
-optimizationpasses 5
-dontusemixedcaseclassnames
-dontskipnonpubliclibraryclasses
-repackageclasses ''
-allowaccessmodification
-dontwarn android.support.**

-keep public class com.minik.launcher.MainActivity