app/build/outputs/mapping/release/seeds.txt
com.minik.launcher.MainActivity
com.minik.launcher.MainActivity: MainActivity()