app/build/outputs/mapping/release/mapping.txt
# compiler: R8
# compiler_version: 8.5.10
# min_api: 24
# common_typos_disable
# {"id":"com.android.tools.r8.mapping","version":"2.2"}
# pg_map_id: 9fae7c3
# pg_map_hash: SHA-256 9fae7c329e5a0a2b00fb202c46025adc0df7a80d8684621aabfc192c78ff145f
com.minik.launcher.MainActivity -> com.minik.launcher.MainActivity:
# {"id":"sourceFile","fileName":"MainActivity.java"}
    android.widget.ListView listView -> a
    com.minik.launcher.MainActivity$AppAdapter adapter -> b
      # {"id":"com.android.tools.r8.residualsignature","signature":"Lf;"}
    android.content.pm.PackageManager pm -> c
    java.util.List apps -> d
    android.content.BroadcastReceiver packageReceiver -> e
      # {"id":"com.android.tools.r8.residualsignature","signature":"Ld;"}
    int $r8$clinit -> f
      # {"id":"com.android.tools.r8.synthesized"}
    1:1:void loadApps():0:0 -> a
com.minik.launcher.MainActivity$$ExternalSyntheticLambda0 -> a:
# {"id":"sourceFile","fileName":"R8$$SyntheticClass"}
# {"id":"com.android.tools.r8.synthesized"}
    com.minik.launcher.MainActivity com.minik.launcher.MainActivity$$InternalSyntheticLambda$1$091f8f2825d975864758353e6aab44b32575996aa7254e20b6e16265fff57525$0.f$0 -> a
      # {"id":"com.android.tools.r8.synthesized"}
    1:1:void MainActivity$$ExternalSyntheticLambda0.<init>(com.minik.launcher.MainActivity):0:0 -> <init>
      # {"id":"com.android.tools.r8.synthesized"}
    1:1:void com.minik.launcher.MainActivity.lambda$onCreate$0(android.widget.AdapterView,android.view.View,int,long):0:0 -> onItemClick
    2:2:void com.minik.launcher.MainActivity.launchApp(android.content.pm.ResolveInfo):0:0 -> onItemClick
    2:2:void com.minik.launcher.MainActivity.lambda$onCreate$0(android.widget.AdapterView,android.view.View,int,long):0 -> onItemClick
com.minik.launcher.MainActivity$$ExternalSyntheticLambda1 -> b:
# {"id":"sourceFile","fileName":"R8$$SyntheticClass"}
# {"id":"com.android.tools.r8.synthesized"}
    com.minik.launcher.MainActivity com.minik.launcher.MainActivity$$InternalSyntheticLambda$1$091f8f2825d975864758353e6aab44b32575996aa7254e20b6e16265fff57525$1.f$0 -> a
      # {"id":"com.android.tools.r8.synthesized"}
    1:1:void MainActivity$$ExternalSyntheticLambda1.<init>(com.minik.launcher.MainActivity):0:0 -> <init>
      # {"id":"com.android.tools.r8.synthesized"}
    1:1:boolean com.minik.launcher.MainActivity.lambda$onCreate$1(android.widget.AdapterView,android.view.View,int,long):0:0 -> onItemLongClick
    2:2:void com.minik.launcher.MainActivity.showContextMenu(android.content.pm.ResolveInfo):0:0 -> onItemLongClick
    2:2:boolean com.minik.launcher.MainActivity.lambda$onCreate$1(android.widget.AdapterView,android.view.View,int,long):0 -> onItemLongClick
com.minik.launcher.MainActivity$$ExternalSyntheticLambda2 -> c:
# {"id":"sourceFile","fileName":"R8$$SyntheticClass"}
# {"id":"com.android.tools.r8.synthesized"}
    com.minik.launcher.MainActivity com.minik.launcher.MainActivity$$InternalSyntheticLambda$2$40063e3250847b0c85f4c115bb753af9b10d2fdd4ae4684838d6af698cc3f7cb$0.f$0 -> a
      # {"id":"com.android.tools.r8.synthesized"}
    android.content.pm.ResolveInfo com.minik.launcher.MainActivity$$InternalSyntheticLambda$2$40063e3250847b0c85f4c115bb753af9b10d2fdd4ae4684838d6af698cc3f7cb$0.f$1 -> b
      # {"id":"com.android.tools.r8.synthesized"}
    1:1:void MainActivity$$ExternalSyntheticLambda2.<init>(com.minik.launcher.MainActivity,android.content.pm.ResolveInfo):0:0 -> <init>
      # {"id":"com.android.tools.r8.synthesized"}
    1:1:void com.minik.launcher.MainActivity.lambda$showContextMenu$2(android.content.pm.ResolveInfo,android.content.DialogInterface,int):0:0 -> onClick
      # {"id":"com.android.tools.r8.residualsignature","signature":"(Landroid/content/DialogInterface;I)V"}
com.minik.launcher.MainActivity$1 -> d:
# {"id":"sourceFile","fileName":"MainActivity.java"}
    com.minik.launcher.MainActivity this$0 -> a
    1:6:void <init>(com.minik.launcher.MainActivity):0:0 -> <init>
    1:1:void com.minik.launcher.MainActivity.access$000(com.minik.launcher.MainActivity):0:0 -> onReceive
    1:1:void onReceive(android.content.Context,android.content.Intent):0 -> onReceive